#
# A fatal error has been detected by the Java Runtime Environment:
#
#  SIGSEGV (0xb) at pc=0x00000001089f227d, pid=2916, tid=8451
#
# JRE version: Java(TM) SE Runtime Environment (7.0_75-b13) (build 1.7.0_75-b13)
# Java VM: Java HotSpot(TM) 64-Bit Server VM (24.75-b04 mixed mode bsd-amd64 compressed oops)
# Problematic frame:
# V  [libjvm.dylib+0x1f227d]
#
# Failed to write core dump. Core dumps have been disabled. To enable core dumping, try "ulimit -c unlimited" before starting Java again
#
# If you would like to submit a bug report, please visit:
#   http://bugreport.sun.com/bugreport/crash.jsp
#

---------------  T H R E A D  ---------------

Current thread (0x00007fc23400f800):  GCTaskThread [stack: 0x000000010d775000,0x000000010d875000] [id=8451]

siginfo:si_signo=SIGSEGV: si_errno=0, si_code=1 (SEGV_MAPERR), si_addr=0x0000000000000140

Registers:
RAX=0x0000000108f7b830, RBX=0x00007fc233d160e0, RCX=0x00000000009cc803, RDX=0x0000000004e64001
RSP=0x000000010d874c20, RBP=0x000000010d874c20, RSI=0x00000006a2120138, RDI=0x0000000000000128
R8 =0x00000000000004e6, R9 =0x00000000000001cb, R10=0x0000040000048000, R11=0x0000200000000000
R12=0x00000006a211ed60, R13=0x00000006a211ed64, R14=0x00000006a2120138, R15=0x000000067b501b50
RIP=0x00000001089f227d, EFLAGS=0x0000000000010206, ERR=0x0000000000000004
  TRAPNO=0x000000000000000e

Top of Stack: (sp=0x000000010d874c20)
0x000000010d874c20:   000000010d874c50 00000001089c58c4
0x000000010d874c30:   000000010d874c50 00007fc233d160e0
0x000000010d874c40:   000000067b501b50 000000067b501b50
0x000000010d874c50:   000000010d874ca0 0000000108aa517d
0x000000010d874c60:   00007fc233d160e0 00000006a211ed50
0x000000010d874c70:   000000067b501b58 00007fc233d160e0
0x000000010d874c80:   00000006a211ed50 0000000108d7c033
0x000000010d874c90:   00007fc233d160e8 0000000108f7b830
0x000000010d874ca0:   000000010d874d20 0000000108c50d40
0x000000010d874cb0:   00007fc233d16120 00007fc233d16168
0x000000010d874cc0:   00007fc233d161a0 0000000000000000
0x000000010d874cd0:   0000000000000000 00007fc236002000
0x000000010d874ce0:   000000010d874d01 000000010d874d01
0x000000010d874cf0:   006174550000aae9 00007fc233d160e0
0x000000010d874d00:   0000000000000000 0000000108d7c033
0x000000010d874d10:   00007fc235906450 0000000000000001
0x000000010d874d20:   000000010d874db0 0000000108c440ce
0x000000010d874d30:   00007fc233c10d60 0000000108ffbf90
0x000000010d874d40:   000000010d874d00 000000010d874d58
0x000000010d874d50:   00007fc233c19e01 0000000109001e50
0x000000010d874d60:   0008f2000008f200 0000000000000000
0x000000010d874d70:   00007fc233d160e0 00007fc233c110b0
0x000000010d874d80:   00007fc233c110e0 00007fc233c11180
0x000000010d874d90:   00007fc233c114c8 00000000000003d8
0x000000010d874da0:   00007fc23400f800 00007fc235906450
0x000000010d874db0:   000000010d874e90 0000000108a6d8ff
0x000000010d874dc0:   000000010d874df0 00007fc233c110b0
0x000000010d874dd0:   00007fc233c110e0 00007fc233c110f0
0x000000010d874de0:   00007fc233c114c8 00000000000003d8
0x000000010d874df0:   00007fc23400f800 00007fc233c114d0
0x000000010d874e00:   00007fc233c11500 00007fc233c11510
0x000000010d874e10:   00007fc233c118e8 00000000000003d8 

Instructions: (pc=0x00000001089f227d)
0x00000001089f225d:   84 d2 48 89 fe 74 15 48 8d 05 c5 95 58 00 8a 48
0x00000001089f226d:   08 8b 7e 08 48 d3 e7 48 03 38 eb 04 48 8b 7e 08
0x00000001089f227d:   8b 47 18 48 83 c7 10 85 c0 7e 09 a8 01 75 4e c1
0x00000001089f228d:   f8 03 eb 47 85 c0 7f 43 85 c0 79 41 84 d2 0f 94 

Register to memory mapping:

RAX=0x0000000108f7b830: _ZN8Universe11_narrow_oopE+0 in /Library/Java/JavaVirtualMachines/jdk1.7.0_75.jdk/Contents/Home/jre/lib/server/libjvm.dylib at 0x0000000108800000
RBX=0x00007fc233d160e0 is an unknown value
RCX=0x00000000009cc803 is an unknown value
RDX=0x0000000004e64001 is an unknown value
RSP=0x000000010d874c20 is an unknown value
RBP=0x000000010d874c20 is an unknown value
RSI=
[error occurred during error reporting (printing register info), id 0xb]

Stack: [0x000000010d775000,0x000000010d875000],  sp=0x000000010d874c20,  free space=1023k
Native frames: (J=compiled Java code, j=interpreted, Vv=VM code, C=native code)
V  [libjvm.dylib+0x1f227d]
V  [libjvm.dylib+0x1c58c4]
V  [libjvm.dylib+0x2a517d]
V  [libjvm.dylib+0x450d40]
V  [libjvm.dylib+0x4440ce]
V  [libjvm.dylib+0x26d8ff]
V  [libjvm.dylib+0x421762]
C  [libsystem_pthread.dylib+0x3268]  _pthread_body+0x83
C  [libsystem_pthread.dylib+0x31e5]  _pthread_body+0x0
C  [libsystem_pthread.dylib+0x141d]  thread_start+0xd


---------------  P R O C E S S  ---------------

Java Threads: ( => current thread )
  0x00007fc236854000 JavaThread "ForkJoinPool-1-worker-3" daemon [_thread_blocked, id=26375, stack(0x0000000123fde000,0x00000001240de000)]
  0x00007fc234902000 JavaThread "AWT-AppKit" daemon [_thread_in_native, id=1811, stack(0x00007fff585fb000,0x00007fff5867b000)]
  0x00007fc236072000 JavaThread "Service Thread" daemon [_thread_blocked, id=19715, stack(0x000000011eee2000,0x000000011efe2000)]
  0x00007fc234015800 JavaThread "C2 CompilerThread1" daemon [_thread_blocked, id=19203, stack(0x000000011eddf000,0x000000011eedf000)]
  0x00007fc234824800 JavaThread "C2 CompilerThread0" daemon [_thread_blocked, id=18691, stack(0x000000011ecdc000,0x000000011eddc000)]
  0x00007fc23481e800 JavaThread "Signal Dispatcher" daemon [_thread_blocked, id=14611, stack(0x000000011ebd9000,0x000000011ecd9000)]
  0x00007fc236800000 JavaThread "Finalizer" daemon [_thread_blocked, id=13571, stack(0x000000011d1bd000,0x000000011d2bd000)]
  0x00007fc234014800 JavaThread "Reference Handler" daemon [_thread_blocked, id=13059, stack(0x000000011d0ba000,0x000000011d1ba000)]
  0x00007fc236002000 JavaThread "main" [_thread_blocked, id=4867, stack(0x000000010769b000,0x000000010779b000)]

Other Threads:
  0x00007fc23481b800 VMThread [stack: 0x000000011cfb7000,0x000000011d0b7000] [id=12547]
  0x00007fc23609d000 WatcherThread [stack: 0x000000011efe5000,0x000000011f0e5000] [id=20227]

=>0x00007fc23400f800 (exited) GCTaskThread [stack: 0x000000010d775000,0x000000010d875000] [id=8451]

VM state:at safepoint (normal execution)

VM Mutex/Monitor currently owned by a thread:  ([mutex/lock_event])
[0x00007fc233c0c310] Threads_lock - owner thread: 0x00007fc23481b800
[0x00007fc233c0c810] Heap_lock - owner thread: 0x00007fc236002000

Heap
 PSYoungGen      total 1397248K, used 698368K [0x0000000780000000, 0x0000000800000000, 0x0000000800000000)
  eden space 698368K, 100% used [0x0000000780000000,0x00000007aaa00000,0x00000007aaa00000)
  from space 698880K, 0% used [0x00000007aaa00000,0x00000007aaa00000,0x00000007d5480000)
  to   space 698880K, 0% used [0x00000007d5580000,0x00000007d5580000,0x0000000800000000)
 ParOldGen       total 4194304K, used 4194017K [0x0000000680000000, 0x0000000780000000, 0x0000000780000000)
  object space 4194304K, 99% used [0x0000000680000000,0x000000077ffb8790,0x0000000780000000)
 PSPermGen       total 21504K, used 10375K [0x000000067ae00000, 0x000000067c300000, 0x0000000680000000)
  object space 21504K, 48% used [0x000000067ae00000,0x000000067b821c00,0x000000067c300000)

Card table byte_map: [0x000000010c321000,0x000000010cf4b000] byte_map_base: 0x0000000108f4a000

Polling page: 0x00000001077da000

Code Cache  [0x0000000109261000, 0x00000001094d1000, 0x000000010c261000)
 total_blobs=1536 nmethods=1286 adapters=203 free_code_cache=46959Kb largest_free_block=47909760

Compilation events (10 events):
Event: 780.526 Thread 0x00007fc234015800 1346             scala.collection.immutable.List::seq (5 bytes)
Event: 780.527 Thread 0x00007fc234824800 1347             scala.util.hashing.MurmurHash3$::seqHash (37 bytes)
Event: 780.527 Thread 0x00007fc234015800 nmethod 1346 0x000000010936fe50 code [0x000000010936ff80, 0x000000010936ffd8]
Event: 780.527 Thread 0x00007fc234015800 1348             scala.util.hashing.MurmurHash3$::seqSeed (5 bytes)
Event: 780.527 Thread 0x00007fc234015800 nmethod 1348 0x00000001094342d0 code [0x0000000109434400, 0x0000000109434458]
Event: 780.529 Thread 0x00007fc234824800 nmethod 1347 0x000000010931b350 code [0x000000010931b4c0, 0x000000010931b748]
Event: 780.600 Thread 0x00007fc234015800 1349             scala.collection.immutable.HashMap$HashMap1::updated0 (223 bytes)
Event: 780.607 Thread 0x00007fc234015800 nmethod 1349 0x000000010930e790 code [0x000000010930e980, 0x000000010930ef50]
Event: 897.160 Thread 0x00007fc234824800 1350             scala.collection.immutable.ListMap$Node::size0 (21 bytes)
Event: 897.180 Thread 0x00007fc234824800 nmethod 1350 0x000000010931afd0 code [0x000000010931b120, 0x000000010931b218]

GC Heap History (10 events):
Event: 842.245 GC heap after
Heap after GC invocations=172 (full 13):
 PSYoungGen      total 1397248K, used 502615K [0x0000000780000000, 0x0000000800000000, 0x0000000800000000)
  eden space 698368K, 71% used [0x0000000780000000,0x000000079ead5cf0,0x00000007aaa00000)
  from space 698880K, 0% used [0x00000007aaa00000,0x00000007aaa00000,0x00000007d5480000)
  to   space 698880K, 0% used [0x00000007d5580000,0x00000007d5580000,0x0000000800000000)
 ParOldGen       total 4194304K, used 4194275K [0x0000000680000000, 0x0000000780000000, 0x0000000780000000)
  object space 4194304K, 99% used [0x0000000680000000,0x000000077fff8c70,0x0000000780000000)
 PSPermGen       total 21504K, used 10374K [0x000000067ae00000, 0x000000067c300000, 0x0000000680000000)
  object space 21504K, 48% used [0x000000067ae00000,0x000000067b821838,0x000000067c300000)
}
Event: 842.570 GC heap before
{Heap before GC invocations=173 (full 14):
 PSYoungGen      total 1397248K, used 698368K [0x0000000780000000, 0x0000000800000000, 0x0000000800000000)
  eden space 698368K, 100% used [0x0000000780000000,0x00000007aaa00000,0x00000007aaa00000)
  from space 698880K, 0% used [0x00000007aaa00000,0x00000007aaa00000,0x00000007d5480000)
  to   space 698880K, 0% used [0x00000007d5580000,0x00000007d5580000,0x0000000800000000)
 ParOldGen       total 4194304K, used 4194275K [0x0000000680000000, 0x0000000780000000, 0x0000000780000000)
  object space 4194304K, 99% used [0x0000000680000000,0x000000077fff8c70,0x0000000780000000)
 PSPermGen       total 21504K, used 10374K [0x000000067ae00000, 0x000000067c300000, 0x0000000680000000)
  object space 21504K, 48% used [0x000000067ae00000,0x000000067b821838,0x000000067c300000)
Event: 866.656 GC heap after
Heap after GC invocations=173 (full 14):
 PSYoungGen      total 1397248K, used 508554K [0x0000000780000000, 0x0000000800000000, 0x0000000800000000)
  eden space 698368K, 72% used [0x0000000780000000,0x000000079f0a2bd8,0x00000007aaa00000)
  from space 698880K, 0% used [0x00000007aaa00000,0x00000007aaa00000,0x00000007d5480000)
  to   space 698880K, 0% used [0x00000007d5580000,0x00000007d5580000,0x0000000800000000)
 ParOldGen       total 4194304K, used 4194166K [0x0000000680000000, 0x0000000780000000, 0x0000000780000000)
  object space 4194304K, 99% used [0x0000000680000000,0x000000077ffddbc0,0x0000000780000000)
 PSPermGen       total 21504K, used 10374K [0x000000067ae00000, 0x000000067c300000, 0x0000000680000000)
  object space 21504K, 48% used [0x000000067ae00000,0x000000067b821838,0x000000067c300000)
}
Event: 866.864 GC heap before
{Heap before GC invocations=174 (full 15):
 PSYoungGen      total 1397248K, used 698368K [0x0000000780000000, 0x0000000800000000, 0x0000000800000000)
  eden space 698368K, 100% used [0x0000000780000000,0x00000007aaa00000,0x00000007aaa00000)
  from space 698880K, 0% used [0x00000007aaa00000,0x00000007aaa00000,0x00000007d5480000)
  to   space 698880K, 0% used [0x00000007d5580000,0x00000007d5580000,0x0000000800000000)
 ParOldGen       total 4194304K, used 4194166K [0x0000000680000000, 0x0000000780000000, 0x0000000780000000)
  object space 4194304K, 99% used [0x0000000680000000,0x000000077ffddbc0,0x0000000780000000)
 PSPermGen       total 21504K, used 10374K [0x000000067ae00000, 0x000000067c300000, 0x0000000680000000)
  object space 21504K, 48% used [0x000000067ae00000,0x000000067b8218e0,0x000000067c300000)
Event: 879.499 GC heap after
Heap after GC invocations=174 (full 15):
 PSYoungGen      total 1397248K, used 514387K [0x0000000780000000, 0x0000000800000000, 0x0000000800000000)
  eden space 698368K, 73% used [0x0000000780000000,0x000000079f654ed0,0x00000007aaa00000)
  from space 698880K, 0% used [0x00000007aaa00000,0x00000007aaa00000,0x00000007d5480000)
  to   space 698880K, 0% used [0x00000007d5580000,0x00000007d5580000,0x0000000800000000)
 ParOldGen       total 4194304K, used 4193969K [0x0000000680000000, 0x0000000780000000, 0x0000000780000000)
  object space 4194304K, 99% used [0x0000000680000000,0x000000077ffac428,0x0000000780000000)
 PSPermGen       total 21504K, used 10374K [0x000000067ae00000, 0x000000067c300000, 0x0000000680000000)
  object space 21504K, 48% used [0x000000067ae00000,0x000000067b8218e0,0x000000067c300000)
}
Event: 879.706 GC heap before
{Heap before GC invocations=175 (full 16):
 PSYoungGen      total 1397248K, used 698368K [0x0000000780000000, 0x0000000800000000, 0x0000000800000000)
  eden space 698368K, 100% used [0x0000000780000000,0x00000007aaa00000,0x00000007aaa00000)
  from space 698880K, 0% used [0x00000007aaa00000,0x00000007aaa00000,0x00000007d5480000)
  to   space 698880K, 0% used [0x00000007d5580000,0x00000007d5580000,0x0000000800000000)
 ParOldGen       total 4194304K, used 4193969K [0x0000000680000000, 0x0000000780000000, 0x0000000780000000)
  object space 4194304K, 99% used [0x0000000680000000,0x000000077ffac428,0x0000000780000000)
 PSPermGen       total 21504K, used 10374K [0x000000067ae00000, 0x000000067c300000, 0x0000000680000000)
  object space 21504K, 48% used [0x000000067ae00000,0x000000067b821998,0x000000067c300000)
Event: 897.037 GC heap after
Heap after GC invocations=175 (full 16):
 PSYoungGen      total 1397248K, used 518983K [0x0000000780000000, 0x0000000800000000, 0x0000000800000000)
  eden space 698368K, 74% used [0x0000000780000000,0x000000079fad1ed0,0x00000007aaa00000)
  from space 698880K, 0% used [0x00000007aaa00000,0x00000007aaa00000,0x00000007d5480000)
  to   space 698880K, 0% used [0x00000007d5580000,0x00000007d5580000,0x0000000800000000)
 ParOldGen       total 4194304K, used 4194059K [0x0000000680000000, 0x0000000780000000, 0x0000000780000000)
  object space 4194304K, 99% used [0x0000000680000000,0x000000077ffc2c48,0x0000000780000000)
 PSPermGen       total 21504K, used 10374K [0x000000067ae00000, 0x000000067c300000, 0x0000000680000000)
  object space 21504K, 48% used [0x000000067ae00000,0x000000067b821998,0x000000067c300000)
}
Event: 897.194 GC heap before
{Heap before GC invocations=176 (full 17):
 PSYoungGen      total 1397248K, used 698368K [0x0000000780000000, 0x0000000800000000, 0x0000000800000000)
  eden space 698368K, 100% used [0x0000000780000000,0x00000007aaa00000,0x00000007aaa00000)
  from space 698880K, 0% used [0x00000007aaa00000,0x00000007aaa00000,0x00000007d5480000)
  to   space 698880K, 0% used [0x00000007d5580000,0x00000007d5580000,0x0000000800000000)
 ParOldGen       total 4194304K, used 4194059K [0x0000000680000000, 0x0000000780000000, 0x0000000780000000)
  object space 4194304K, 99% used [0x0000000680000000,0x000000077ffc2c48,0x0000000780000000)
 PSPermGen       total 21504K, used 10375K [0x000000067ae00000, 0x000000067c300000, 0x0000000680000000)
  object space 21504K, 48% used [0x000000067ae00000,0x000000067b821c00,0x000000067c300000)
Event: 914.196 GC heap after
Heap after GC invocations=176 (full 17):
 PSYoungGen      total 1397248K, used 523588K [0x0000000780000000, 0x0000000800000000, 0x0000000800000000)
  eden space 698368K, 74% used [0x0000000780000000,0x000000079ff513e0,0x00000007aaa00000)
  from space 698880K, 0% used [0x00000007aaa00000,0x00000007aaa00000,0x00000007d5480000)
  to   space 698880K, 0% used [0x00000007d5580000,0x00000007d5580000,0x0000000800000000)
 ParOldGen       total 4194304K, used 4194017K [0x0000000680000000, 0x0000000780000000, 0x0000000780000000)
  object space 4194304K, 99% used [0x0000000680000000,0x000000077ffb8790,0x0000000780000000)
 PSPermGen       total 21504K, used 10375K [0x000000067ae00000, 0x000000067c300000, 0x0000000680000000)
  object space 21504K, 48% used [0x000000067ae00000,0x000000067b821c00,0x000000067c300000)
}
Event: 914.335 GC heap before
{Heap before GC invocations=177 (full 18):
 PSYoungGen      total 1397248K, used 698368K [0x0000000780000000, 0x0000000800000000, 0x0000000800000000)
  eden space 698368K, 100% used [0x0000000780000000,0x00000007aaa00000,0x00000007aaa00000)
  from space 698880K, 0% used [0x00000007aaa00000,0x00000007aaa00000,0x00000007d5480000)
  to   space 698880K, 0% used [0x00000007d5580000,0x00000007d5580000,0x0000000800000000)
 ParOldGen       total 4194304K, used 4194017K [0x0000000680000000, 0x0000000780000000, 0x0000000780000000)
  object space 4194304K, 99% used [0x0000000680000000,0x000000077ffb8790,0x0000000780000000)
 PSPermGen       total 21504K, used 10375K [0x000000067ae00000, 0x000000067c300000, 0x0000000680000000)
  object space 21504K, 48% used [0x000000067ae00000,0x000000067b821c00,0x000000067c300000)

Deoptimization events (10 events):
Event: 41.608 Thread 0x00007fc23680d800 Uncommon trap: reason=unreached action=reinterpret pc=0x00000001093e800c method=scala.concurrent.forkjoin.ForkJoinPool.tryHelpStealer(Lscala/concurrent/forkjoin/ForkJoinPool$WorkQueue;Lscala/concurrent/forkjoin/ForkJoinTask;)I @ 378
Event: 51.965 Thread 0x00007fc23625a800 Uncommon trap: reason=unreached action=reinterpret pc=0x000000010946fa34 method=scala.concurrent.forkjoin.ForkJoinPool.tryHelpStealer(Lscala/concurrent/forkjoin/ForkJoinPool$WorkQueue;Lscala/concurrent/forkjoin/ForkJoinTask;)I @ 141
Event: 51.975 Thread 0x00007fc23680d800 Uncommon trap: reason=unreached action=reinterpret pc=0x000000010946ce44 method=scala.concurrent.forkjoin.ForkJoinPool.tryHelpStealer(Lscala/concurrent/forkjoin/ForkJoinPool$WorkQueue;Lscala/concurrent/forkjoin/ForkJoinTask;)I @ 141
Event: 780.437 Thread 0x00007fc236002000 Uncommon trap: reason=unreached action=reinterpret pc=0x00000001094b01a4 method=scala.collection.immutable.List.map(Lscala/Function1;Lscala/collection/generic/CanBuildFrom;)Ljava/lang/Object; @ 61
Event: 780.446 Thread 0x00007fc236002000 Uncommon trap: reason=class_check action=maybe_recompile pc=0x000000010933afbc method=scala.collection.immutable.Map$Map1.updated(Ljava/lang/Object;Ljava/lang/Object;)Lscala/collection/immutable/Map; @ 60
Event: 780.446 Thread 0x00007fc236002000 Uncommon trap: reason=class_check action=maybe_recompile pc=0x00000001094af2c0 method=scala.collection.immutable.Map$Map2.updated(Ljava/lang/Object;Ljava/lang/Object;)Lscala/collection/immutable/Map; @ 60
Event: 780.446 Thread 0x00007fc236002000 Uncommon trap: reason=class_check action=maybe_recompile pc=0x00000001093a2dd8 method=scala.collection.immutable.Map$Map3.updated(Ljava/lang/Object;Ljava/lang/Object;)Lscala/collection/immutable/Map; @ 60
Event: 780.446 Thread 0x00007fc236002000 Uncommon trap: reason=class_check action=maybe_recompile pc=0x00000001093426b4 method=scala.collection.immutable.Map$Map4.updated(Ljava/lang/Object;Ljava/lang/Object;)Lscala/collection/immutable/Map; @ 60
Event: 780.458 Thread 0x00007fc236002000 Uncommon trap: reason=unloaded action=reinterpret pc=0x0000000109403dbc method=scala.collection.immutable.HashMap$HashMap1.updated0(Ljava/lang/Object;IILjava/lang/Object;Lscala/Tuple2;Lscala/collection/immutable/HashMap$Merger;)Lscala/collection/immutable
Event: 780.463 Thread 0x00007fc236002000 Uncommon trap: reason=unloaded action=reinterpret pc=0x0000000109484d94 method=scala.collection.immutable.HashMap$HashMap1.updated0(Ljava/lang/Object;IILjava/lang/Object;Lscala/Tuple2;Lscala/collection/immutable/HashMap$Merger;)Lscala/collection/immutable

Internal exceptions (10 events):
Event: 40.432 Thread 0x00007fc236854000 Threw 0x000000079c333e48 at /HUDSON/workspace/7u-2-build-macosx-x86_64/jdk7u75/1940/hotspot/src/share/vm/prims/jvm.cpp:1281
Event: 40.432 Thread 0x00007fc236854000 Implicit null exception at 0x00000001092e20d5 to 0x00000001092e21dd
Event: 40.434 Thread 0x00007fc236002000 Threw 0x00000007973eec88 at /HUDSON/workspace/7u-2-build-macosx-x86_64/jdk7u75/1940/hotspot/src/share/vm/prims/jvm.cpp:1281
Event: 40.447 Thread 0x00007fc236002000 Threw 0x00000007973f1a40 at /HUDSON/workspace/7u-2-build-macosx-x86_64/jdk7u75/1940/hotspot/src/share/vm/prims/jvm.cpp:1281
Event: 40.448 Thread 0x00007fc236002000 Threw 0x00000007973f4bd8 at /HUDSON/workspace/7u-2-build-macosx-x86_64/jdk7u75/1940/hotspot/src/share/vm/prims/jvm.cpp:1281
Event: 40.456 Thread 0x00007fc236854000 Threw 0x000000079c337778 at /HUDSON/workspace/7u-2-build-macosx-x86_64/jdk7u75/1940/hotspot/src/share/vm/prims/jvm.cpp:1281
Event: 41.551 Thread 0x00007fc236821800 Implicit null exception at 0x0000000109434485 to 0x00000001094346c1
Event: 41.551 Thread 0x00007fc236821800 Implicit null exception at 0x0000000109434c0c to 0x0000000109434c45
Event: 51.965 Thread 0x00007fc23625a800 Implicit null exception at 0x000000010946f670 to 0x000000010946f9d9
Event: 51.975 Thread 0x00007fc23680d800 Implicit null exception at 0x000000010946c8c7 to 0x000000010946ce1c

Events (10 events):
Event: 879.513 Executing VM operation: RevokeBias done
Event: 879.513 Thread 0x00007fc236821800 Thread exited: 0x00007fc236821800
Event: 879.696 Executing VM operation: ParallelGCFailedAllocation
Event: 897.037 Executing VM operation: ParallelGCFailedAllocation done
Event: 897.039 Executing VM operation: RevokeBias
Event: 897.048 Executing VM operation: RevokeBias done
Event: 897.048 Thread 0x00007fc234087800 Thread exited: 0x00007fc234087800
Event: 897.187 Executing VM operation: ParallelGCFailedAllocation
Event: 914.196 Executing VM operation: ParallelGCFailedAllocation done
Event: 914.330 Executing VM operation: ParallelGCFailedAllocation


Dynamic libraries:
0x000000000b365000 	/System/Library/Frameworks/Cocoa.framework/Versions/A/Cocoa
0x000000000b365000 	/System/Library/Frameworks/Security.framework/Versions/A/Security
0x000000000b365000 	/System/Library/Frameworks/ApplicationServices.framework/Versions/A/ApplicationServices
0x000000000b365000 	/usr/lib/libz.1.dylib
0x000000000b365000 	/usr/lib/libSystem.B.dylib
0x000000000b365000 	/usr/lib/libobjc.A.dylib
0x000000000b365000 	/System/Library/Frameworks/CoreFoundation.framework/Versions/A/CoreFoundation
0x000000000b365000 	/System/Library/Frameworks/Foundation.framework/Versions/C/Foundation
0x000000000b365000 	/System/Library/Frameworks/AppKit.framework/Versions/C/AppKit
0x000000000b365000 	/System/Library/Frameworks/CoreData.framework/Versions/A/CoreData
0x000000000b365000 	/System/Library/PrivateFrameworks/RemoteViewServices.framework/Versions/A/RemoteViewServices
0x000000000b365000 	/System/Library/PrivateFrameworks/UIFoundation.framework/Versions/A/UIFoundation
0x000000000b365000 	/System/Library/Frameworks/IOSurface.framework/Versions/A/IOSurface
0x000000000b365000 	/System/Library/Frameworks/AudioToolbox.framework/Versions/A/AudioToolbox
0x000000000b365000 	/System/Library/Frameworks/AudioUnit.framework/Versions/A/AudioUnit
0x000000000b365000 	/System/Library/PrivateFrameworks/DataDetectorsCore.framework/Versions/A/DataDetectorsCore
0x000000000b365000 	/System/Library/PrivateFrameworks/DesktopServicesPriv.framework/Versions/A/DesktopServicesPriv
0x000000000b365000 	/System/Library/Frameworks/Carbon.framework/Versions/A/Frameworks/HIToolbox.framework/Versions/A/HIToolbox
0x000000000b365000 	/System/Library/Frameworks/QuartzCore.framework/Versions/A/QuartzCore
0x000000000b365000 	/System/Library/Frameworks/Carbon.framework/Versions/A/Frameworks/SpeechRecognition.framework/Versions/A/SpeechRecognition
0x000000000b365000 	/usr/lib/libauto.dylib
0x000000000b365000 	/usr/lib/libicucore.A.dylib
0x000000000b365000 	/usr/lib/libxml2.2.dylib
0x000000000b365000 	/System/Library/PrivateFrameworks/CoreUI.framework/Versions/A/CoreUI
0x000000000b365000 	/System/Library/Frameworks/CoreAudio.framework/Versions/A/CoreAudio
0x000000000b365000 	/System/Library/Frameworks/DiskArbitration.framework/Versions/A/DiskArbitration
0x000000000b365000 	/usr/lib/liblangid.dylib
0x000000000b365000 	/System/Library/PrivateFrameworks/MultitouchSupport.framework/Versions/A/MultitouchSupport
0x000000000b365000 	/System/Library/Frameworks/IOKit.framework/Versions/A/IOKit
0x000000000b365000 	/usr/lib/libDiagnosticMessagesClient.dylib
0x000000000b365000 	/System/Library/Frameworks/CoreServices.framework/Versions/A/CoreServices
0x000000000b365000 	/System/Library/PrivateFrameworks/PerformanceAnalysis.framework/Versions/A/PerformanceAnalysis
0x000000000b365000 	/System/Library/PrivateFrameworks/GenerationalStorage.framework/Versions/A/GenerationalStorage
0x000000000b365000 	/System/Library/Frameworks/OpenGL.framework/Versions/A/OpenGL
0x000000000b365000 	/System/Library/PrivateFrameworks/Sharing.framework/Versions/A/Sharing
0x000000000b365000 	/System/Library/Frameworks/CoreGraphics.framework/Versions/A/CoreGraphics
0x000000000b365000 	/System/Library/Frameworks/CoreText.framework/Versions/A/CoreText
0x000000000b365000 	/System/Library/Frameworks/ImageIO.framework/Versions/A/ImageIO
0x000000000b365000 	/usr/lib/libextension.dylib
0x000000000b365000 	/System/Library/PrivateFrameworks/Backup.framework/Versions/A/Backup
0x000000000b365000 	/usr/lib/libarchive.2.dylib
0x000000000b365000 	/System/Library/Frameworks/CFNetwork.framework/Versions/A/CFNetwork
0x000000000b365000 	/System/Library/Frameworks/SystemConfiguration.framework/Versions/A/SystemConfiguration
0x000000000b365000 	/usr/lib/libCRFSuite.dylib
0x000000000b365000 	/usr/lib/libc++.1.dylib
0x000000000b365000 	/usr/lib/libc++abi.dylib
0x000000000b365000 	/usr/lib/system/libcache.dylib
0x000000000b365000 	/usr/lib/system/libcommonCrypto.dylib
0x000000000b365000 	/usr/lib/system/libcompiler_rt.dylib
0x000000000b365000 	/usr/lib/system/libcopyfile.dylib
0x000000000b365000 	/usr/lib/system/libcorecrypto.dylib
0x000000000b365000 	/usr/lib/system/libdispatch.dylib
0x000000000b365000 	/usr/lib/system/libdyld.dylib
0x000000000b365000 	/usr/lib/system/libkeymgr.dylib
0x000000000b365000 	/usr/lib/system/liblaunch.dylib
0x000000000b365000 	/usr/lib/system/libmacho.dylib
0x000000000b365000 	/usr/lib/system/libquarantine.dylib
0x000000000b365000 	/usr/lib/system/libremovefile.dylib
0x000000000b365000 	/usr/lib/system/libsystem_asl.dylib
0x000000000b365000 	/usr/lib/system/libsystem_blocks.dylib
0x000000000b365000 	/usr/lib/system/libsystem_c.dylib
0x000000000b365000 	/usr/lib/system/libsystem_configuration.dylib
0x000000000b365000 	/usr/lib/system/libsystem_coreservices.dylib
0x000000000b365000 	/usr/lib/system/libsystem_coretls.dylib
0x000000000b365000 	/usr/lib/system/libsystem_dnssd.dylib
0x000000000b365000 	/usr/lib/system/libsystem_info.dylib
0x000000000b365000 	/usr/lib/system/libsystem_kernel.dylib
0x000000000b365000 	/usr/lib/system/libsystem_m.dylib
0x000000000b365000 	/usr/lib/system/libsystem_malloc.dylib
0x000000000b365000 	/usr/lib/system/libsystem_network.dylib
0x000000000b365000 	/usr/lib/system/libsystem_networkextension.dylib
0x000000000b365000 	/usr/lib/system/libsystem_notify.dylib
0x000000000b365000 	/usr/lib/system/libsystem_platform.dylib
0x000000000b365000 	/usr/lib/system/libsystem_pthread.dylib
0x000000000b365000 	/usr/lib/system/libsystem_sandbox.dylib
0x000000000b365000 	/usr/lib/system/libsystem_secinit.dylib
0x000000000b365000 	/usr/lib/system/libsystem_stats.dylib
0x000000000b365000 	/usr/lib/system/libsystem_trace.dylib
0x000000000b365000 	/usr/lib/system/libunc.dylib
0x000000000b365000 	/usr/lib/system/libunwind.dylib
0x000000000b365000 	/usr/lib/system/libxpc.dylib
0x000000000b365000 	/usr/lib/libbz2.1.0.dylib
0x000000000b365000 	/usr/lib/liblzma.5.dylib
0x000000000b365000 	/usr/lib/libbsm.0.dylib
0x000000000b365000 	/usr/lib/libsqlite3.dylib
0x000000000b365000 	/usr/lib/system/libkxld.dylib
0x000000000b365000 	/usr/lib/libxar.1.dylib
0x000000000b365000 	/usr/lib/libpam.2.dylib
0x000000000b365000 	/usr/lib/libOpenScriptingUtil.dylib
0x000000000b365000 	/System/Library/Frameworks/CoreServices.framework/Versions/A/Frameworks/FSEvents.framework/Versions/A/FSEvents
0x000000000b365000 	/System/Library/Frameworks/CoreServices.framework/Versions/A/Frameworks/CarbonCore.framework/Versions/A/CarbonCore
0x000000000b365000 	/System/Library/Frameworks/CoreServices.framework/Versions/A/Frameworks/Metadata.framework/Versions/A/Metadata
0x000000000b365000 	/System/Library/Frameworks/CoreServices.framework/Versions/A/Frameworks/OSServices.framework/Versions/A/OSServices
0x000000000b365000 	/System/Library/Frameworks/CoreServices.framework/Versions/A/Frameworks/SearchKit.framework/Versions/A/SearchKit
0x000000000b365000 	/System/Library/Frameworks/CoreServices.framework/Versions/A/Frameworks/AE.framework/Versions/A/AE
0x000000000b365000 	/System/Library/Frameworks/CoreServices.framework/Versions/A/Frameworks/LaunchServices.framework/Versions/A/LaunchServices
0x000000000b365000 	/System/Library/Frameworks/CoreServices.framework/Versions/A/Frameworks/DictionaryServices.framework/Versions/A/DictionaryServices
0x000000000b365000 	/System/Library/Frameworks/NetFS.framework/Versions/A/NetFS
0x000000000b365000 	/System/Library/PrivateFrameworks/NetAuth.framework/Versions/A/NetAuth
0x000000000b365000 	/System/Library/PrivateFrameworks/login.framework/Versions/A/Frameworks/loginsupport.framework/Versions/A/loginsupport
0x000000000b365000 	/System/Library/PrivateFrameworks/TCC.framework/Versions/A/TCC
0x000000000b365000 	/usr/lib/libmecabra.dylib
0x000000000b365000 	/System/Library/Frameworks/ApplicationServices.framework/Versions/A/Frameworks/ATS.framework/Versions/A/ATS
0x000000000b365000 	/System/Library/Frameworks/ApplicationServices.framework/Versions/A/Frameworks/ColorSync.framework/Versions/A/ColorSync
0x000000000b365000 	/System/Library/Frameworks/ApplicationServices.framework/Versions/A/Frameworks/HIServices.framework/Versions/A/HIServices
0x000000000b365000 	/System/Library/Frameworks/ApplicationServices.framework/Versions/A/Frameworks/LangAnalysis.framework/Versions/A/LangAnalysis
0x000000000b365000 	/System/Library/Frameworks/ApplicationServices.framework/Versions/A/Frameworks/PrintCore.framework/Versions/A/PrintCore
0x000000000b365000 	/System/Library/Frameworks/ApplicationServices.framework/Versions/A/Frameworks/QD.framework/Versions/A/QD
0x000000000b365000 	/System/Library/Frameworks/ApplicationServices.framework/Versions/A/Frameworks/SpeechSynthesis.framework/Versions/A/SpeechSynthesis
0x000000000b365000 	/System/Library/Frameworks/Accelerate.framework/Versions/A/Accelerate
0x000000000b365000 	/System/Library/Frameworks/Accelerate.framework/Versions/A/Frameworks/vImage.framework/Versions/A/vImage
0x000000000b365000 	/System/Library/Frameworks/Accelerate.framework/Versions/A/Frameworks/vecLib.framework/Versions/A/vecLib
0x000000000b365000 	/System/Library/Frameworks/Accelerate.framework/Versions/A/Frameworks/vecLib.framework/Versions/A/libvDSP.dylib
0x000000000b365000 	/System/Library/Frameworks/Accelerate.framework/Versions/A/Frameworks/vecLib.framework/Versions/A/libvMisc.dylib
0x000000000b365000 	/System/Library/Frameworks/Accelerate.framework/Versions/A/Frameworks/vecLib.framework/Versions/A/libLAPACK.dylib
0x000000000b365000 	/System/Library/Frameworks/Accelerate.framework/Versions/A/Frameworks/vecLib.framework/Versions/A/libBLAS.dylib
0x000000000b365000 	/System/Library/Frameworks/Accelerate.framework/Versions/A/Frameworks/vecLib.framework/Versions/A/libLinearAlgebra.dylib
0x000000000b365000 	/System/Library/Frameworks/ApplicationServices.framework/Versions/A/Frameworks/ATS.framework/Versions/A/Resources/libFontParser.dylib
0x000000000b365000 	/System/Library/Frameworks/ApplicationServices.framework/Versions/A/Frameworks/ATS.framework/Versions/A/Resources/libFontRegistry.dylib
0x000000000b365000 	/System/Library/PrivateFrameworks/AppleVPA.framework/Versions/A/AppleVPA
0x000000000b365000 	/System/Library/PrivateFrameworks/AppleJPEG.framework/Versions/A/AppleJPEG
0x000000000b365000 	/System/Library/Frameworks/ImageIO.framework/Versions/A/Resources/libJPEG.dylib
0x000000000b365000 	/System/Library/Frameworks/ImageIO.framework/Versions/A/Resources/libTIFF.dylib
0x000000000b365000 	/System/Library/Frameworks/ImageIO.framework/Versions/A/Resources/libPng.dylib
0x000000000b365000 	/System/Library/Frameworks/ImageIO.framework/Versions/A/Resources/libGIF.dylib
0x000000000b365000 	/System/Library/Frameworks/ImageIO.framework/Versions/A/Resources/libJP2.dylib
0x000000000b365000 	/System/Library/Frameworks/ImageIO.framework/Versions/A/Resources/libRadiance.dylib
0x000000000b365000 	/System/Library/Frameworks/CoreVideo.framework/Versions/A/CoreVideo
0x000000000b365000 	/System/Library/Frameworks/OpenGL.framework/Versions/A/Libraries/libGLU.dylib
0x000000000b365000 	/System/Library/Frameworks/OpenGL.framework/Versions/A/Libraries/libGFXShared.dylib
0x000000000b365000 	/System/Library/Frameworks/OpenGL.framework/Versions/A/Libraries/libGL.dylib
0x000000000b365000 	/System/Library/Frameworks/OpenGL.framework/Versions/A/Libraries/libGLImage.dylib
0x000000000b365000 	/System/Library/Frameworks/OpenGL.framework/Versions/A/Libraries/libCVMSPluginSupport.dylib
0x000000000b365000 	/System/Library/Frameworks/OpenGL.framework/Versions/A/Libraries/libCoreVMClient.dylib
0x000000000b365000 	/usr/lib/libcups.2.dylib
0x000000000b365000 	/System/Library/Frameworks/Kerberos.framework/Versions/A/Kerberos
0x000000000b365000 	/System/Library/Frameworks/GSS.framework/Versions/A/GSS
0x000000000b365000 	/usr/lib/libresolv.9.dylib
0x000000000b365000 	/usr/lib/libiconv.2.dylib
0x000000000b365000 	/System/Library/PrivateFrameworks/Heimdal.framework/Versions/A/Heimdal
0x000000000b365000 	/usr/lib/libheimdal-asn1.dylib
0x000000000b365000 	/System/Library/Frameworks/OpenDirectory.framework/Versions/A/OpenDirectory
0x000000000b365000 	/System/Library/PrivateFrameworks/CommonAuth.framework/Versions/A/CommonAuth
0x000000000b365000 	/System/Library/Frameworks/OpenDirectory.framework/Versions/A/Frameworks/CFOpenDirectory.framework/Versions/A/CFOpenDirectory
0x000000000b365000 	/System/Library/Frameworks/SecurityFoundation.framework/Versions/A/SecurityFoundation
0x000000000b365000 	/System/Library/PrivateFrameworks/LanguageModeling.framework/Versions/A/LanguageModeling
0x000000000b365000 	/usr/lib/libcmph.dylib
0x000000000b365000 	/System/Library/Frameworks/ServiceManagement.framework/Versions/A/ServiceManagement
0x000000000b365000 	/usr/lib/libxslt.1.dylib
0x000000000b365000 	/System/Library/Frameworks/Carbon.framework/Versions/A/Frameworks/Ink.framework/Versions/A/Ink
0x000000000b365000 	/System/Library/Frameworks/QuartzCore.framework/Versions/A/Frameworks/CoreImage.framework/Versions/A/CoreImage
0x000000000b365000 	/System/Library/PrivateFrameworks/CrashReporterSupport.framework/Versions/A/CrashReporterSupport
0x000000000b365000 	/System/Library/Frameworks/OpenCL.framework/Versions/A/OpenCL
0x000000000b365000 	/System/Library/PrivateFrameworks/FaceCore.framework/Versions/A/FaceCore
0x000000000b365000 	/System/Library/PrivateFrameworks/Ubiquity.framework/Versions/A/Ubiquity
0x000000000b365000 	/System/Library/PrivateFrameworks/IconServices.framework/Versions/A/IconServices
0x000000000b365000 	/System/Library/PrivateFrameworks/ChunkingLibrary.framework/Versions/A/ChunkingLibrary
0x000000000b365000 	/System/Library/PrivateFrameworks/Apple80211.framework/Versions/A/Apple80211
0x000000000b365000 	/System/Library/Frameworks/CoreWLAN.framework/Versions/A/CoreWLAN
0x000000000b365000 	/System/Library/Frameworks/IOBluetooth.framework/Versions/A/IOBluetooth
0x000000000b365000 	/System/Library/PrivateFrameworks/CoreWiFi.framework/Versions/A/CoreWiFi
0x000000000b365000 	/System/Library/Frameworks/CoreBluetooth.framework/Versions/A/CoreBluetooth
0x000000000b365000 	/System/Library/PrivateFrameworks/DebugSymbols.framework/Versions/A/DebugSymbols
0x000000000b365000 	/System/Library/PrivateFrameworks/CoreSymbolication.framework/Versions/A/CoreSymbolication
0x000000000b365000 	/System/Library/PrivateFrameworks/Symbolication.framework/Versions/A/Symbolication
0x000000000b365000 	/System/Library/PrivateFrameworks/SpeechRecognitionCore.framework/Versions/A/SpeechRecognitionCore
0x0000000108800000 	/Library/Java/JavaVirtualMachines/jdk1.7.0_75.jdk/Contents/Home/jre/lib/server/libjvm.dylib
0x000000000b365000 	/usr/lib/libstdc++.6.dylib
0x000000010779d000 	/Library/Java/JavaVirtualMachines/jdk1.7.0_75.jdk/Contents/Home/jre/lib/libverify.dylib
0x00000001077aa000 	/Library/Java/JavaVirtualMachines/jdk1.7.0_75.jdk/Contents/Home/jre/lib/libjava.dylib
0x00000001077e4000 	/Library/Java/JavaVirtualMachines/jdk1.7.0_75.jdk/Contents/Home/jre/lib/libzip.dylib
0x000000011d2bf000 	/System/Library/Frameworks/JavaVM.framework/Frameworks/JavaRuntimeSupport.framework/JavaRuntimeSupport
0x000000011d2d5000 	/System/Library/Frameworks/JavaVM.framework/Versions/A/Frameworks/JavaNativeFoundation.framework/Versions/A/JavaNativeFoundation
0x000000011d2e9000 	/System/Library/Frameworks/JavaVM.framework/Versions/A/JavaVM
0x000000000b365000 	/System/Library/Frameworks/Carbon.framework/Versions/A/Carbon
0x000000011d2f5000 	/System/Library/PrivateFrameworks/JavaLaunching.framework/Versions/A/JavaLaunching
0x000000000b365000 	/System/Library/Frameworks/Carbon.framework/Versions/A/Frameworks/CommonPanels.framework/Versions/A/CommonPanels
0x000000000b365000 	/System/Library/Frameworks/Carbon.framework/Versions/A/Frameworks/Help.framework/Versions/A/Help
0x000000000b365000 	/System/Library/Frameworks/Carbon.framework/Versions/A/Frameworks/ImageCapture.framework/Versions/A/ImageCapture
0x000000000b365000 	/System/Library/Frameworks/Carbon.framework/Versions/A/Frameworks/OpenScripting.framework/Versions/A/OpenScripting
0x000000000b365000 	/System/Library/Frameworks/Carbon.framework/Versions/A/Frameworks/Print.framework/Versions/A/Print
0x000000000b365000 	/System/Library/Frameworks/Carbon.framework/Versions/A/Frameworks/SecurityHI.framework/Versions/A/SecurityHI
0x000000011f5f8000 	/Library/Java/JavaVirtualMachines/jdk1.7.0_75.jdk/Contents/Home/jre/lib/libawt.dylib
0x000000011f6a7000 	/Library/Java/JavaVirtualMachines/jdk1.7.0_75.jdk/Contents/Home/jre/lib/./libmlib_image.dylib
0x000000011f773000 	/Library/Java/JavaVirtualMachines/jdk1.7.0_75.jdk/Contents/Home/jre/lib/lwawt/liblwawt.dylib
0x000000011f26e000 	/Library/Java/JavaVirtualMachines/jdk1.7.0_75.jdk/Contents/Home/jre/lib/libosxapp.dylib
0x000000000b365000 	/System/Library/Frameworks/ExceptionHandling.framework/Versions/A/ExceptionHandling
0x000000000b365000 	/System/Library/PrivateFrameworks/CoreServicesInternal.framework/Versions/A/CoreServicesInternal
0x000000000b365000 	/System/Library/PrivateFrameworks/CloudDocs.framework/Versions/A/CloudDocs
0x000000000b365000 	/System/Library/PrivateFrameworks/CoreDuet.framework/Versions/A/CoreDuet
0x000000000b365000 	/System/Library/Frameworks/CloudKit.framework/Versions/A/CloudKit
0x000000000b365000 	/System/Library/PrivateFrameworks/ProtocolBuffer.framework/Versions/A/ProtocolBuffer
0x000000000b365000 	/System/Library/PrivateFrameworks/CoreDuetDaemonProtocol.framework/Versions/A/CoreDuetDaemonProtocol
0x000000000b365000 	/System/Library/PrivateFrameworks/CoreDuetDebugLogging.framework/Versions/A/CoreDuetDebugLogging
0x000000000b365000 	/System/Library/PrivateFrameworks/MMCS.framework/Versions/A/MMCS
0x000000000b365000 	/System/Library/Frameworks/CoreLocation.framework/Versions/A/CoreLocation
0x000000000b365000 	/System/Library/PrivateFrameworks/ProtectedCloudStorage.framework/Versions/A/ProtectedCloudStorage
0x000000000b365000 	/System/Library/PrivateFrameworks/GeoServices.framework/Versions/A/GeoServices
0x000000000b365000 	/System/Library/Frameworks/CoreGraphics.framework/Versions/A/Resources/libCGCMS.A.dylib
0x000000000b365000 	/System/Library/Frameworks/CoreGraphics.framework/Versions/A/Resources/libRIP.A.dylib
0x000000000b365000 	/System/Library/Frameworks/CoreGraphics.framework/Versions/A/Resources/libCGXType.A.dylib
0x000000000b365000 	/System/Library/Frameworks/OpenCL.framework/Versions/A/Libraries/libcldcpuengine.dylib
0x000000000b365000 	/System/Library/PrivateFrameworks/DiskImages.framework/Versions/A/DiskImages
0x000000000b365000 	/System/Library/Frameworks/DiscRecording.framework/Versions/A/DiscRecording
0x000000000b365000 	/usr/lib/libcsfde.dylib
0x000000000b365000 	/usr/lib/libcurl.4.dylib
0x000000000b365000 	/System/Library/PrivateFrameworks/MediaKit.framework/Versions/A/MediaKit
0x000000000b365000 	/usr/lib/libCoreStorage.dylib
0x000000000b365000 	/System/Library/PrivateFrameworks/EFILogin.framework/Versions/A/EFILogin
0x000000000b365000 	/usr/lib/libutil.dylib
0x000000000b365000 	/System/Library/PrivateFrameworks/FindMyDevice.framework/Versions/A/FindMyDevice
0x000000000b365000 	/System/Library/Frameworks/LDAP.framework/Versions/A/LDAP
0x000000000b365000 	/usr/lib/libsasl2.2.dylib
0x000000000b365000 	/System/Library/PrivateFrameworks/CoreDaemon.framework/Versions/B/CoreDaemon
0x000000000b365000 	/usr/lib/libcrypto.0.9.8.dylib
0x000000000b365000 	/System/Library/PrivateFrameworks/AppleSRP.framework/Versions/A/AppleSRP
0x000000000b365000 	/System/Library/PrivateFrameworks/TrustEvaluationAgent.framework/Versions/A/TrustEvaluationAgent
0x000000011f3ea000 	cl_kernels
0x000000012298a000 	/System/Library/Frameworks/OpenCL.framework/Versions/A/Libraries/ImageFormats/unorm8_bgra.dylib
0x000000011f3dc000 	cl_kernels
0x000000000b365000 	/System/Library/PrivateFrameworks/FamilyControls.framework/Versions/A/FamilyControls
0x000000000b365000 	/System/Library/PrivateFrameworks/CommerceKit.framework/Versions/A/Frameworks/CommerceCore.framework/Versions/A/CommerceCore
0x000000000b365000 	/System/Library/PrivateFrameworks/SystemAdministration.framework/Versions/A/SystemAdministration
0x000000000b365000 	/System/Library/PrivateFrameworks/AppContainer.framework/Versions/A/AppContainer
0x000000000b365000 	/System/Library/PrivateFrameworks/SecCodeWrapper.framework/Versions/A/SecCodeWrapper
0x000000000b365000 	/System/Library/Frameworks/DirectoryService.framework/Versions/A/DirectoryService
0x000000000b365000 	/System/Library/PrivateFrameworks/LoginUIKit.framework/Versions/A/Frameworks/LoginUICore.framework/Versions/A/LoginUICore
0x000000000b365000 	/usr/lib/libodfde.dylib

VM Arguments:
jvm_args: -Xmx6g -Dfile.encoding=UTF-8 -Xbootclasspath/p:/Applications/eclipse/plugins/org.scala-lang.scala-library_2.11.5.v20150101-184742-3fafbc204f.jar:/Applications/eclipse/plugins/org.scala-lang.scala-reflect_2.11.5.v20150101-184742-3fafbc204f.jar:/Applications/eclipse/plugins/org.scala-lang.scala-actors_2.11.5.v20150101-184742-3fafbc204f.jar:/Applications/eclipse/plugins/org.scala-lang.scala-compiler_2.11.5.v20150101-184742-3fafbc204f.jar 
java_command: visualization.Starter ../Datasets/dataset7/6000-image-tags.png 6000
Launcher Type: SUN_STANDARD

Environment Variables:
PATH=/usr/bin:/bin:/usr/sbin:/sbin
SHELL=/bin/bash

Signal Handlers:
SIGSEGV: [libjvm.dylib+0x52d20d], sa_mask[0]=0xfffefeff, sa_flags=0x00000043
SIGBUS: [libjvm.dylib+0x52d20d], sa_mask[0]=0xfffefeff, sa_flags=0x00000042
SIGFPE: [libjvm.dylib+0x41ee7a], sa_mask[0]=0xfffefeff, sa_flags=0x00000042
SIGPIPE: [libjvm.dylib+0x41ee7a], sa_mask[0]=0xfffefeff, sa_flags=0x00000042
SIGXFSZ: [libjvm.dylib+0x41ee7a], sa_mask[0]=0xfffefeff, sa_flags=0x00000042
SIGILL: [libjvm.dylib+0x41ee7a], sa_mask[0]=0xfffefeff, sa_flags=0x00000042
SIGUSR1: SIG_DFL, sa_mask[0]=0x00000000, sa_flags=0x00000000
SIGUSR2: [libjvm.dylib+0x41e96c], sa_mask[0]=0x00000004, sa_flags=0x00000042
SIGHUP: [libjvm.dylib+0x41cbfd], sa_mask[0]=0xfffefeff, sa_flags=0x00000042
SIGINT: [libjvm.dylib+0x41cbfd], sa_mask[0]=0xfffefeff, sa_flags=0x00000042
SIGTERM: [libjvm.dylib+0x41cbfd], sa_mask[0]=0xfffefeff, sa_flags=0x00000042
SIGQUIT: [libjvm.dylib+0x41cbfd], sa_mask[0]=0xfffefeff, sa_flags=0x00000042


---------------  S Y S T E M  ---------------

OS:Bsduname:Darwin 14.3.0 Darwin Kernel Version 14.3.0: Mon Mar 23 11:59:05 PDT 2015; root:xnu-2782.20.48~5/RELEASE_X86_64 x86_64
rlimit: STACK 8192k, CORE 0k, NPROC 709, NOFILE 10240, AS infinity
load average:10.23 7.10 5.93

CPU:total 8 (4 cores per cpu, 2 threads per core) family 6 model 58 stepping 9, cmov, cx8, fxsr, mmx, sse, sse2, sse3, ssse3, sse4.1, sse4.2, popcnt, avx, aes, erms, ht, tsc, tscinvbit, tscinv

Memory: 4k page, physical 8388608k(2097152k free)

/proc/meminfo:


vm_info: Java HotSpot(TM) 64-Bit Server VM (24.75-b04) for bsd-amd64 JRE (1.7.0_75-b13), built on Dec 18 2014 21:48:12 by "java_re" with gcc 4.2.1 (Based on Apple Inc. build 5658) (LLVM build 2336.11.00)

time: Thu May 21 18:00:16 2015
elapsed time: 916 seconds

